2018-11-16 18:01:49,072 ************************ process start ***************************************
2018-11-16 18:01:49,151 ('600339', '中油工程') N：0.22648811276038677
头寸规模：88手
买入价格：4.55，4.78，5.00，5.23
退出价格：4.10


2018-11-16 18:01:49,193 ('000963', '华东医药') N：1.8005352974360385
头寸规模：11手
买入价格：36.32，38.12，39.92，41.72
退出价格：32.72


2018-11-16 18:01:49,306 ('600998', '九州通') N：0.4048000923910016
头寸规模：49手
买入价格：15.29，15.69，16.10，16.50
退出价格：14.48


2018-11-16 18:01:49,493 ('300237', '美晨生态') N：0.3047044427526251
头寸规模：65手
买入价格：4.78，5.08，5.39，5.69
退出价格：4.17


2018-11-16 18:01:49,551 ('601933', '永辉超市') N：0.24688819084825978
头寸规模：81手
买入价格：7.22，7.47，7.71，7.96
退出价格：6.73


2018-11-16 18:01:49,916 ('000538', '云南白药') N：2.6328066256649225
头寸规模：7手
买入价格：70.23，72.86，75.50，78.13
退出价格：64.96


2018-11-16 18:01:50,109 ('000981', '银亿股份') N：0.30562503888402326
头寸规模：65手
买入价格：5.63，5.94，6.24，6.55
退出价格：5.02


2018-11-16 18:01:50,573 ('600489', '中金黄金') N：0.2727530873517588
头寸规模：73手
买入价格：7.47，7.74，8.02，8.29
退出价格：6.92


2018-11-16 18:01:51,555 ('300197', '铁汉生态') N：0.20979456817579809
头寸规模：95手
买入价格：5.37，5.58，5.79，6.00
退出价格：4.95


2018-11-16 18:01:51,741 ('002773', '康弘药业') N：1.5891756456140527
头寸规模：12手
买入价格：37.39，38.98，40.57，42.16
退出价格：34.21


2018-11-16 18:01:52,018 ('600104', '上汽集团') N：0.8201294400610395
头寸规模：24手
买入价格：26.70，27.52，28.34，29.16
退出价格：25.06


2018-11-16 18:01:52,472 ('002408', '齐翔腾达') N：0.46291152654182993
头寸规模：43手
买入价格：9.95，10.41，10.88，11.34
退出价格：9.02


2018-11-16 18:01:53,132 ('000651', '格力电器') N：1.200121876207756
头寸规模：16手
买入价格：38.53，39.73，40.93，42.13
退出价格：36.13


2018-11-16 18:01:53,496 ('002411', '必康股份') N：1.3924512239779883
头寸规模：14手
买入价格：20.59，21.98，23.37，24.77
退出价格：17.81


2018-11-16 18:01:53,792 ('002506', '协鑫集成') N：0.1237164068244869
头寸规模：161手
买入价格：5.05，5.17，5.30，5.42
退出价格：4.80


2018-11-16 18:01:54,094 选股结果：[('600339', '中油工程'), ('000963', '华东医药'), ('600998', '九州通'), ('300237', '美晨生态'), ('601933', '永辉超市'), ('000538', '云南白药'), ('000981', '银亿股份'), ('600489', '中金黄金'), ('300197', '铁汉生态'), ('002773', '康弘药业'), ('600104', '上汽集团'), ('002408', '齐翔腾达'), ('000651', '格力电器'), ('002411', '必康股份'), ('002506', '协鑫集成')]
2018-11-16 18:01:54,094 ************************ process   end ***************************************
2018-11-16 18:02:28,872 ************************ process start ***************************************
2018-11-16 18:02:28,910 ('002506', '协鑫集成') 达到退出条件
2018-11-16 18:02:28,918 ('000981', '银亿股份') 达到退出条件
2018-11-16 18:02:28,927 ('300197', '铁汉生态') 达到退出条件
2018-11-16 18:02:28,935 ('601933', '永辉超市') 达到退出条件
2018-11-16 18:02:28,944 ('002773', '康弘药业') 达到退出条件
2018-11-16 18:02:28,952 ('002408', '齐翔腾达') 达到退出条件
2018-11-16 18:02:28,961 ('000651', '格力电器') 达到退出条件
2018-11-16 18:02:28,970 ('600339', '中油工程') 达到退出条件
2018-11-16 18:02:28,979 ('600489', '中金黄金') 达到退出条件
2018-11-16 18:02:28,987 ('000538', '云南白药') 达到退出条件
2018-11-16 18:02:28,995 ('600104', '上汽集团') 达到退出条件
2018-11-16 18:02:29,004 ('002411', '必康股份') 达到退出条件
2018-11-16 18:02:29,012 ('000963', '华东医药') 达到退出条件
2018-11-16 18:02:29,021 ('600998', '九州通') 达到退出条件
2018-11-16 18:02:29,030 ('300237', '美晨生态') 达到退出条件
2018-11-16 18:02:30,007 *0(6) 量比：3.16
	收盘价：3.1

2018-11-16 18:02:30,008 ('601099', '太平洋') N：0.13664863010956602
头寸规模：146手
买入价格：3.10，3.24，3.37，3.51
退出价格：2.83


2018-11-16 18:02:30,734 *0(6) 量比：9.40
	收盘价：16.61

2018-11-16 18:02:30,735 ('600895', '张江高科') N：0.6692735915748049
头寸规模：29手
买入价格：16.61，17.28，17.95，18.62
退出价格：15.27


2018-11-16 18:02:30,967 *0(6) 量比：3.58
	收盘价：10.25

2018-11-16 18:02:30,968 ('600100', '同方股份') N：0.3599633991327456
头寸规模：55手
买入价格：10.25，10.61，10.97，11.33
退出价格：9.53


2018-11-16 18:02:34,681 选股结果：[('601099', '太平洋'), ('600895', '张江高科'), ('600100', '同方股份')]
2018-11-16 18:02:34,681 ************************ process   end ***************************************
